[2022-04-29 09:26:13] local.ERROR: View [pages.front.home.home] not found. {"exception":"[object] (InvalidArgumentException(code: 0): View [pages.front.home.home] not found. at /var/www/torgujsnami.rf/data/www/xn--80afqcqeeqlfo.xn--p1ai/vendor/laravel/framework/src/Illuminate/View/FileViewFinder.php:137)
[stacktrace]
#0 /var/www/torgujsnami.rf/data/www/xn--80afqcqeeqlfo.xn--p1ai/vendor/laravel/framework/src/Illuminate/View/FileViewFinder.php(79): Illuminate\\View\\FileViewFinder->findInPaths('pages.front.hom...', Array)
#1 /var/www/torgujsnami.rf/data/www/xn--80afqcqeeqlfo.xn--p1ai/vendor/laravel/framework/src/Illuminate/View/Factory.php(137): Illuminate\\View\\FileViewFinder->find('pages.front.hom...')
#2 /var/www/torgujsnami.rf/data/www/xn--80afqcqeeqlfo.xn--p1ai/vendor/laravel/framework/src/Illuminate/Foundation/helpers.php(948): Illuminate\\View\\Factory->make('pages.front.hom...', Array, Array)
#3 /var/www/torgujsnami.rf/data/www/xn--80afqcqeeqlfo.xn--p1ai/app/Http/Controllers/PageController.php(18): view('pages.front.hom...')
#4 /var/www/torgujsnami.rf/data/www/xn--80afqcqeeqlfo.xn--p1ai/vendor/laravel/framework/src/Illuminate/Routing/Controller.php(54): App\\Http\\Controllers\\PageController->home()
#5 /var/www/torgujsnami.rf/data/www/xn--80afqcqeeqlfo.xn--p1ai/vendor/laravel/framework/src/Illuminate/Routing/ControllerDispatcher.php(45): Illuminate\\Routing\\Controller->callAction('home', Array)
#6 /var/www/torgujsnami.rf/data/www/xn--80afqcqeeqlfo.xn--p1ai/vendor/laravel/framework/src/Illuminate/Routing/Route.php(261): Illuminate\\Routing\\ControllerDispatcher->dispatch(Object(Illuminate\\Routing\\Route), Object(App\\Http\\Controllers\\PageController), 'home')
#7 /var/www/torgujsnami.rf/data/www/xn--80afqcqeeqlfo.xn--p1ai/vendor/laravel/framework/src/Illuminate/Routing/Route.php(204): Illuminate\\Routing\\Route->runController()
#8 /var/www/torgujsnami.rf/data/www/xn--80afqcqeeqlfo.xn--p1ai/vendor/laravel/framework/src/Illuminate/Routing/Router.php(725): Illuminate\\Routing\\Route->run()
#9 /var/www/torgujsnami.rf/data/www/xn--80afqcqeeqlfo.xn--p1ai/vendor/laravel/framework/src/Illuminate/Pipeline/Pipeline.php(141): Illuminate\\Routing\\Router->Illuminate\\Routing\\{closure}(Object(Illuminate\\Http\\Request))
#10 /var/www/torgujsnami.rf/data/www/xn--80afqcqeeqlfo.xn--p1ai/vendor/laravel/framework/src/Illuminate/Routing/Middleware/SubstituteBindings.php(50): Illuminate\\Pipeline\\Pipeline->Illuminate\\Pipeline\\{closure}(Object(Illuminate\\Http\\Request))
#11 /var/www/torgujsnami.rf/data/www/xn--80afqcqeeqlfo.xn--p1ai/vendor/laravel/framework/src/Illuminate/Pipeline/Pipeline.php(180): Illuminate\\Routing\\Middleware\\SubstituteBindings->handle(Object(Illuminate\\Http\\Request), Object(Closure))
#12 /var/www/torgujsnami.rf/data/www/xn--80afqcqeeqlfo.xn--p1ai/vendor/laravel/framework/src/Illuminate/Foundation/Http/Middleware/VerifyCsrfToken.php(78): Illuminate\\Pipeline\\Pipeline->Illuminate\\Pipeline\\{closure}(Object(Illuminate\\Http\\Request))
#13 /var/www/torgujsnami.rf/data/www/xn--80afqcqeeqlfo.xn--p1ai/vendor/laravel/framework/src/Illuminate/Pipeline/Pipeline.php(180): Illuminate\\Foundation\\Http\\Middleware\\VerifyCsrfToken->handle(Object(Illuminate\\Http\\Request), Object(Closure))
#14 /var/www/torgujsnami.rf/data/www/xn--80afqcqeeqlfo.xn--p1ai/vendor/laravel/framework/src/Illuminate/View/Middleware/ShareErrorsFromSession.php(49): Illuminate\\Pipeline\\Pipeline->Illuminate\\Pipeline\\{closure}(Object(Illuminate\\Http\\Request))
#15 /var/www/torgujsnami.rf/data/www/xn--80afqcqeeqlfo.xn--p1ai/vendor/laravel/framework/src/Illuminate/Pipeline/Pipeline.php(180): Illuminate\\View\\Middleware\\ShareErrorsFromSession->handle(Object(Illuminate\\Http\\Request), Object(Closure))
#16 /var/www/torgujsnami.rf/data/www/xn--80afqcqeeqlfo.xn--p1ai/vendor/laravel/framework/src/Illuminate/Session/Middleware/StartSession.php(121): Illuminate\\Pipeline\\Pipeline->Illuminate\\Pipeline\\{closure}(Object(Illuminate\\Http\\Request))
#17 /var/www/torgujsnami.rf/data/www/xn--80afqcqeeqlfo.xn--p1ai/vendor/laravel/framework/src/Illuminate/Session/Middleware/StartSession.php(64): Illuminate\\Session\\Middleware\\StartSession->handleStatefulRequest(Object(Illuminate\\Http\\Request), Object(Illuminate\\Session\\Store), Object(Closure))
#18 /var/www/torgujsnami.rf/data/www/xn--80afqcqeeqlfo.xn--p1ai/vendor/laravel/framework/src/Illuminate/Pipeline/Pipeline.php(180): Illuminate\\Session\\Middleware\\StartSession->handle(Object(Illuminate\\Http\\Request), Object(Closure))
#19 /var/www/torgujsnami.rf/data/www/xn--80afqcqeeqlfo.xn--p1ai/vendor/laravel/framework/src/Illuminate/Cookie/Middleware/AddQueuedCookiesToResponse.php(37): Illuminate\\Pipeline\\Pipeline->Illuminate\\Pipeline\\{closure}(Object(Illuminate\\Http\\Request))
#20 /var/www/torgujsnami.rf/data/www/xn--80afqcqeeqlfo.xn--p1ai/vendor/laravel/framework/src/Illuminate/Pipeline/Pipeline.php(180): Illuminate\\Cookie\\Middleware\\AddQueuedCookiesToResponse->handle(Object(Illuminate\\Http\\Request), Object(Closure))
#21 /var/www/torgujsnami.rf/data/www/xn--80afqcqeeqlfo.xn--p1ai/vendor/laravel/framework/src/Illuminate/Cookie/Middleware/EncryptCookies.php(67): Illuminate\\Pipeline\\Pipeline->Illuminate\\Pipeline\\{closure}(Object(Illuminate\\Http\\Request))
#22 /var/www/torgujsnami.rf/data/www/xn--80afqcqeeqlfo.xn--p1ai/vendor/laravel/framework/src/Illuminate/Pipeline/Pipeline.php(180): Illuminate\\Cookie\\Middleware\\EncryptCookies->handle(Object(Illuminate\\Http\\Request), Object(Closure))
#23 /var/www/torgujsnami.rf/data/www/xn--80afqcqeeqlfo.xn--p1ai/vendor/laravel/framework/src/Illuminate/Pipeline/Pipeline.php(116): Illuminate\\Pipeline\\Pipeline->Illuminate\\Pipeline\\{closure}(Object(Illuminate\\Http\\Request))
#24 /var/www/torgujsnami.rf/data/www/xn--80afqcqeeqlfo.xn--p1ai/vendor/laravel/framework/src/Illuminate/Routing/Router.php(726): Illuminate\\Pipeline\\Pipeline->then(Object(Closure))
#25 /var/www/torgujsnami.rf/data/www/xn--80afqcqeeqlfo.xn--p1ai/vendor/laravel/framework/src/Illuminate/Routing/Router.php(703): Illuminate\\Routing\\Router->runRouteWithinStack(Object(Illuminate\\Routing\\Route), Object(Illuminate\\Http\\Request))
#26 /var/www/torgujsnami.rf/data/www/xn--80afqcqeeqlfo.xn--p1ai/vendor/laravel/framework/src/Illuminate/Routing/Router.php(667): Illuminate\\Routing\\Router->runRoute(Object(Illuminate\\Http\\Request), Object(Illuminate\\Routing\\Route))
#27 /var/www/torgujsnami.rf/data/www/xn--80afqcqeeqlfo.xn--p1ai/vendor/laravel/framework/src/Illuminate/Routing/Router.php(656): Illuminate\\Routing\\Router->dispatchToRoute(Object(Illuminate\\Http\\Request))
#28 /var/www/torgujsnami.rf/data/www/xn--80afqcqeeqlfo.xn--p1ai/vendor/laravel/framework/src/Illuminate/Foundation/Http/Kernel.php(167): Illuminate\\Routing\\Router->dispatch(Object(Illuminate\\Http\\Request))
#29 /var/www/torgujsnami.rf/data/www/xn--80afqcqeeqlfo.xn--p1ai/vendor/laravel/framework/src/Illuminate/Pipeline/Pipeline.php(141): Illuminate\\Foundation\\Http\\Kernel->Illuminate\\Foundation\\Http\\{closure}(Object(Illuminate\\Http\\Request))
#30 /var/www/torgujsnami.rf/data/www/xn--80afqcqeeqlfo.xn--p1ai/vendor/laravel/framework/src/Illuminate/Foundation/Http/Middleware/TransformsRequest.php(21): Illuminate\\Pipeline\\Pipeline->Illuminate\\Pipeline\\{closure}(Object(Illuminate\\Http\\Request))
#31 /var/www/torgujsnami.rf/data/www/xn--80afqcqeeqlfo.xn--p1ai/vendor/laravel/framework/src/Illuminate/Foundation/Http/Middleware/ConvertEmptyStringsToNull.php(31): Illuminate\\Foundation\\Http\\Middleware\\TransformsRequest->handle(Object(Illuminate\\Http\\Request), Object(Closure))
#32 /var/www/torgujsnami.rf/data/www/xn--80afqcqeeqlfo.xn--p1ai/vendor/laravel/framework/src/Illuminate/Pipeline/Pipeline.php(180): Illuminate\\Foundation\\Http\\Middleware\\ConvertEmptyStringsToNull->handle(Object(Illuminate\\Http\\Request), Object(Closure))
#33 /var/www/torgujsnami.rf/data/www/xn--80afqcqeeqlfo.xn--p1ai/vendor/laravel/framework/src/Illuminate/Foundation/Http/Middleware/TransformsRequest.php(21): Illuminate\\Pipeline\\Pipeline->Illuminate\\Pipeline\\{closure}(Object(Illuminate\\Http\\Request))
#34 /var/www/torgujsnami.rf/data/www/xn--80afqcqeeqlfo.xn--p1ai/vendor/laravel/framework/src/Illuminate/Foundation/Http/Middleware/TrimStrings.php(40): Illuminate\\Foundation\\Http\\Middleware\\TransformsRequest->handle(Object(Illuminate\\Http\\Request), Object(Closure))
#35 /var/www/torgujsnami.rf/data/www/xn--80afqcqeeqlfo.xn--p1ai/vendor/laravel/framework/src/Illuminate/Pipeline/Pipeline.php(180): Illuminate\\Foundation\\Http\\Middleware\\TrimStrings->handle(Object(Illuminate\\Http\\Request), Object(Closure))
#36 /var/www/torgujsnami.rf/data/www/xn--80afqcqeeqlfo.xn--p1ai/vendor/laravel/framework/src/Illuminate/Foundation/Http/Middleware/ValidatePostSize.php(27): Illuminate\\Pipeline\\Pipeline->Illuminate\\Pipeline\\{closure}(Object(Illuminate\\Http\\Request))
#37 /var/www/torgujsnami.rf/data/www/xn--80afqcqeeqlfo.xn--p1ai/vendor/laravel/framework/src/Illuminate/Pipeline/Pipeline.php(180): Illuminate\\Foundation\\Http\\Middleware\\ValidatePostSize->handle(Object(Illuminate\\Http\\Request), Object(Closure))
#38 /var/www/torgujsnami.rf/data/www/xn--80afqcqeeqlfo.xn--p1ai/vendor/laravel/framework/src/Illuminate/Foundation/Http/Middleware/PreventRequestsDuringMaintenance.php(86): Illuminate\\Pipeline\\Pipeline->Illuminate\\Pipeline\\{closure}(Object(Illuminate\\Http\\Request))
#39 /var/www/torgujsnami.rf/data/www/xn--80afqcqeeqlfo.xn--p1ai/vendor/laravel/framework/src/Illuminate/Pipeline/Pipeline.php(180): Illuminate\\Foundation\\Http\\Middleware\\PreventRequestsDuringMaintenance->handle(Object(Illuminate\\Http\\Request), Object(Closure))
#40 /var/www/torgujsnami.rf/data/www/xn--80afqcqeeqlfo.xn--p1ai/vendor/laravel/framework/src/Illuminate/Http/Middleware/HandleCors.php(49): Illuminate\\Pipeline\\Pipeline->Illuminate\\Pipeline\\{closure}(Object(Illuminate\\Http\\Request))
#41 /var/www/torgujsnami.rf/data/www/xn--80afqcqeeqlfo.xn--p1ai/vendor/laravel/framework/src/Illuminate/Pipeline/Pipeline.php(180): Illuminate\\Http\\Middleware\\HandleCors->handle(Object(Illuminate\\Http\\Request), Object(Closure))
#42 /var/www/torgujsnami.rf/data/www/xn--80afqcqeeqlfo.xn--p1ai/vendor/laravel/framework/src/Illuminate/Http/Middleware/TrustProxies.php(39): Illuminate\\Pipeline\\Pipeline->Illuminate\\Pipeline\\{closure}(Object(Illuminate\\Http\\Request))
#43 /var/www/torgujsnami.rf/data/www/xn--80afqcqeeqlfo.xn--p1ai/vendor/laravel/framework/src/Illuminate/Pipeline/Pipeline.php(180): Illuminate\\Http\\Middleware\\TrustProxies->handle(Object(Illuminate\\Http\\Request), Object(Closure))
#44 /var/www/torgujsnami.rf/data/www/xn--80afqcqeeqlfo.xn--p1ai/vendor/laravel/framework/src/Illuminate/Pipeline/Pipeline.php(116): Illuminate\\Pipeline\\Pipeline->Illuminate\\Pipeline\\{closure}(Object(Illuminate\\Http\\Request))
#45 /var/www/torgujsnami.rf/data/www/xn--80afqcqeeqlfo.xn--p1ai/vendor/laravel/framework/src/Illuminate/Foundation/Http/Kernel.php(142): Illuminate\\Pipeline\\Pipeline->then(Object(Closure))
#46 /var/www/torgujsnami.rf/data/www/xn--80afqcqeeqlfo.xn--p1ai/vendor/laravel/framework/src/Illuminate/Foundation/Http/Kernel.php(111): Illuminate\\Foundation\\Http\\Kernel->sendRequestThroughRouter(Object(Illuminate\\Http\\Request))
#47 /var/www/torgujsnami.rf/data/www/xn--80afqcqeeqlfo.xn--p1ai/public/index.php(52): Illuminate\\Foundation\\Http\\Kernel->handle(Object(Illuminate\\Http\\Request))
#48 {main}
"} 
[2022-04-29 09:26:13] local.ERROR: file_put_contents(C:\Users\Diller\Desktop\trade\storage\framework/sessions/K0eUc1KP0Ppi6rj9Tpb1c2qc1ibryaBYEVarLDJy): Failed to open stream: No such file or directory {"exception":"[object] (ErrorException(code: 0): file_put_contents(C:\\Users\\Diller\\Desktop\\trade\\storage\\framework/sessions/K0eUc1KP0Ppi6rj9Tpb1c2qc1ibryaBYEVarLDJy): Failed to open stream: No such file or directory at /var/www/torgujsnami.rf/data/www/xn--80afqcqeeqlfo.xn--p1ai/vendor/laravel/framework/src/Illuminate/Filesystem/Filesystem.php:187)
[stacktrace]
#0 /var/www/torgujsnami.rf/data/www/xn--80afqcqeeqlfo.xn--p1ai/vendor/laravel/framework/src/Illuminate/Foundation/Bootstrap/HandleExceptions.php(231): Illuminate\\Foundation\\Bootstrap\\HandleExceptions->handleError(2, 'file_put_conten...', '/var/www/torguj...', 187)
#1 [internal function]: Illuminate\\Foundation\\Bootstrap\\HandleExceptions->Illuminate\\Foundation\\Bootstrap\\{closure}(2, 'file_put_conten...', '/var/www/torguj...', 187)
#2 /var/www/torgujsnami.rf/data/www/xn--80afqcqeeqlfo.xn--p1ai/vendor/laravel/framework/src/Illuminate/Filesystem/Filesystem.php(187): file_put_contents('C:\\\\Users\\\\Diller...', 'a:3:{s:6:\"_toke...', 2)
#3 /var/www/torgujsnami.rf/data/www/xn--80afqcqeeqlfo.xn--p1ai/vendor/laravel/framework/src/Illuminate/Session/FileSessionHandler.php(90): Illuminate\\Filesystem\\Filesystem->put('C:\\\\Users\\\\Diller...', 'a:3:{s:6:\"_toke...', true)
#4 /var/www/torgujsnami.rf/data/www/xn--80afqcqeeqlfo.xn--p1ai/vendor/laravel/framework/src/Illuminate/Session/Store.php(142): Illuminate\\Session\\FileSessionHandler->write('K0eUc1KP0Ppi6rj...', 'a:3:{s:6:\"_toke...')
#5 /var/www/torgujsnami.rf/data/www/xn--80afqcqeeqlfo.xn--p1ai/vendor/laravel/framework/src/Illuminate/Session/Middleware/StartSession.php(236): Illuminate\\Session\\Store->save()
#6 /var/www/torgujsnami.rf/data/www/xn--80afqcqeeqlfo.xn--p1ai/vendor/laravel/framework/src/Illuminate/Session/Middleware/StartSession.php(130): Illuminate\\Session\\Middleware\\StartSession->saveSession(Object(Illuminate\\Http\\Request))
#7 /var/www/torgujsnami.rf/data/www/xn--80afqcqeeqlfo.xn--p1ai/vendor/laravel/framework/src/Illuminate/Session/Middleware/StartSession.php(64): Illuminate\\Session\\Middleware\\StartSession->handleStatefulRequest(Object(Illuminate\\Http\\Request), Object(Illuminate\\Session\\Store), Object(Closure))
#8 /var/www/torgujsnami.rf/data/www/xn--80afqcqeeqlfo.xn--p1ai/vendor/laravel/framework/src/Illuminate/Pipeline/Pipeline.php(180): Illuminate\\Session\\Middleware\\StartSession->handle(Object(Illuminate\\Http\\Request), Object(Closure))
#9 /var/www/torgujsnami.rf/data/www/xn--80afqcqeeqlfo.xn--p1ai/vendor/laravel/framework/src/Illuminate/Cookie/Middleware/AddQueuedCookiesToResponse.php(37): Illuminate\\Pipeline\\Pipeline->Illuminate\\Pipeline\\{closure}(Object(Illuminate\\Http\\Request))
#10 /var/www/torgujsnami.rf/data/www/xn--80afqcqeeqlfo.xn--p1ai/vendor/laravel/framework/src/Illuminate/Pipeline/Pipeline.php(180): Illuminate\\Cookie\\Middleware\\AddQueuedCookiesToResponse->handle(Object(Illuminate\\Http\\Request), Object(Closure))
#11 /var/www/torgujsnami.rf/data/www/xn--80afqcqeeqlfo.xn--p1ai/vendor/laravel/framework/src/Illuminate/Cookie/Middleware/EncryptCookies.php(67): Illuminate\\Pipeline\\Pipeline->Illuminate\\Pipeline\\{closure}(Object(Illuminate\\Http\\Request))
#12 /var/www/torgujsnami.rf/data/www/xn--80afqcqeeqlfo.xn--p1ai/vendor/laravel/framework/src/Illuminate/Pipeline/Pipeline.php(180): Illuminate\\Cookie\\Middleware\\EncryptCookies->handle(Object(Illuminate\\Http\\Request), Object(Closure))
#13 /var/www/torgujsnami.rf/data/www/xn--80afqcqeeqlfo.xn--p1ai/vendor/laravel/framework/src/Illuminate/Pipeline/Pipeline.php(116): Illuminate\\Pipeline\\Pipeline->Illuminate\\Pipeline\\{closure}(Object(Illuminate\\Http\\Request))
#14 /var/www/torgujsnami.rf/data/www/xn--80afqcqeeqlfo.xn--p1ai/vendor/laravel/framework/src/Illuminate/Routing/Router.php(726): Illuminate\\Pipeline\\Pipeline->then(Object(Closure))
#15 /var/www/torgujsnami.rf/data/www/xn--80afqcqeeqlfo.xn--p1ai/vendor/laravel/framework/src/Illuminate/Routing/Router.php(703): Illuminate\\Routing\\Router->runRouteWithinStack(Object(Illuminate\\Routing\\Route), Object(Illuminate\\Http\\Request))
#16 /var/www/torgujsnami.rf/data/www/xn--80afqcqeeqlfo.xn--p1ai/vendor/laravel/framework/src/Illuminate/Routing/Router.php(667): Illuminate\\Routing\\Router->runRoute(Object(Illuminate\\Http\\Request), Object(Illuminate\\Routing\\Route))
#17 /var/www/torgujsnami.rf/data/www/xn--80afqcqeeqlfo.xn--p1ai/vendor/laravel/framework/src/Illuminate/Routing/Router.php(656): Illuminate\\Routing\\Router->dispatchToRoute(Object(Illuminate\\Http\\Request))
#18 /var/www/torgujsnami.rf/data/www/xn--80afqcqeeqlfo.xn--p1ai/vendor/laravel/framework/src/Illuminate/Foundation/Http/Kernel.php(167): Illuminate\\Routing\\Router->dispatch(Object(Illuminate\\Http\\Request))
#19 /var/www/torgujsnami.rf/data/www/xn--80afqcqeeqlfo.xn--p1ai/vendor/laravel/framework/src/Illuminate/Pipeline/Pipeline.php(141): Illuminate\\Foundation\\Http\\Kernel->Illuminate\\Foundation\\Http\\{closure}(Object(Illuminate\\Http\\Request))
#20 /var/www/torgujsnami.rf/data/www/xn--80afqcqeeqlfo.xn--p1ai/vendor/laravel/framework/src/Illuminate/Foundation/Http/Middleware/TransformsRequest.php(21): Illuminate\\Pipeline\\Pipeline->Illuminate\\Pipeline\\{closure}(Object(Illuminate\\Http\\Request))
#21 /var/www/torgujsnami.rf/data/www/xn--80afqcqeeqlfo.xn--p1ai/vendor/laravel/framework/src/Illuminate/Foundation/Http/Middleware/ConvertEmptyStringsToNull.php(31): Illuminate\\Foundation\\Http\\Middleware\\TransformsRequest->handle(Object(Illuminate\\Http\\Request), Object(Closure))
#22 /var/www/torgujsnami.rf/data/www/xn--80afqcqeeqlfo.xn--p1ai/vendor/laravel/framework/src/Illuminate/Pipeline/Pipeline.php(180): Illuminate\\Foundation\\Http\\Middleware\\ConvertEmptyStringsToNull->handle(Object(Illuminate\\Http\\Request), Object(Closure))
#23 /var/www/torgujsnami.rf/data/www/xn--80afqcqeeqlfo.xn--p1ai/vendor/laravel/framework/src/Illuminate/Foundation/Http/Middleware/TransformsRequest.php(21): Illuminate\\Pipeline\\Pipeline->Illuminate\\Pipeline\\{closure}(Object(Illuminate\\Http\\Request))
#24 /var/www/torgujsnami.rf/data/www/xn--80afqcqeeqlfo.xn--p1ai/vendor/laravel/framework/src/Illuminate/Foundation/Http/Middleware/TrimStrings.php(40): Illuminate\\Foundation\\Http\\Middleware\\TransformsRequest->handle(Object(Illuminate\\Http\\Request), Object(Closure))
#25 /var/www/torgujsnami.rf/data/www/xn--80afqcqeeqlfo.xn--p1ai/vendor/laravel/framework/src/Illuminate/Pipeline/Pipeline.php(180): Illuminate\\Foundation\\Http\\Middleware\\TrimStrings->handle(Object(Illuminate\\Http\\Request), Object(Closure))
#26 /var/www/torgujsnami.rf/data/www/xn--80afqcqeeqlfo.xn--p1ai/vendor/laravel/framework/src/Illuminate/Foundation/Http/Middleware/ValidatePostSize.php(27): Illuminate\\Pipeline\\Pipeline->Illuminate\\Pipeline\\{closure}(Object(Illuminate\\Http\\Request))
#27 /var/www/torgujsnami.rf/data/www/xn--80afqcqeeqlfo.xn--p1ai/vendor/laravel/framework/src/Illuminate/Pipeline/Pipeline.php(180): Illuminate\\Foundation\\Http\\Middleware\\ValidatePostSize->handle(Object(Illuminate\\Http\\Request), Object(Closure))
#28 /var/www/torgujsnami.rf/data/www/xn--80afqcqeeqlfo.xn--p1ai/vendor/laravel/framework/src/Illuminate/Foundation/Http/Middleware/PreventRequestsDuringMaintenance.php(86): Illuminate\\Pipeline\\Pipeline->Illuminate\\Pipeline\\{closure}(Object(Illuminate\\Http\\Request))
#29 /var/www/torgujsnami.rf/data/www/xn--80afqcqeeqlfo.xn--p1ai/vendor/laravel/framework/src/Illuminate/Pipeline/Pipeline.php(180): Illuminate\\Foundation\\Http\\Middleware\\PreventRequestsDuringMaintenance->handle(Object(Illuminate\\Http\\Request), Object(Closure))
#30 /var/www/torgujsnami.rf/data/www/xn--80afqcqeeqlfo.xn--p1ai/vendor/laravel/framework/src/Illuminate/Http/Middleware/HandleCors.php(49): Illuminate\\Pipeline\\Pipeline->Illuminate\\Pipeline\\{closure}(Object(Illuminate\\Http\\Request))
#31 /var/www/torgujsnami.rf/data/www/xn--80afqcqeeqlfo.xn--p1ai/vendor/laravel/framework/src/Illuminate/Pipeline/Pipeline.php(180): Illuminate\\Http\\Middleware\\HandleCors->handle(Object(Illuminate\\Http\\Request), Object(Closure))
#32 /var/www/torgujsnami.rf/data/www/xn--80afqcqeeqlfo.xn--p1ai/vendor/laravel/framework/src/Illuminate/Http/Middleware/TrustProxies.php(39): Illuminate\\Pipeline\\Pipeline->Illuminate\\Pipeline\\{closure}(Object(Illuminate\\Http\\Request))
#33 /var/www/torgujsnami.rf/data/www/xn--80afqcqeeqlfo.xn--p1ai/vendor/laravel/framework/src/Illuminate/Pipeline/Pipeline.php(180): Illuminate\\Http\\Middleware\\TrustProxies->handle(Object(Illuminate\\Http\\Request), Object(Closure))
#34 /var/www/torgujsnami.rf/data/www/xn--80afqcqeeqlfo.xn--p1ai/vendor/laravel/framework/src/Illuminate/Pipeline/Pipeline.php(116): Illuminate\\Pipeline\\Pipeline->Illuminate\\Pipeline\\{closure}(Object(Illuminate\\Http\\Request))
#35 /var/www/torgujsnami.rf/data/www/xn--80afqcqeeqlfo.xn--p1ai/vendor/laravel/framework/src/Illuminate/Foundation/Http/Kernel.php(142): Illuminate\\Pipeline\\Pipeline->then(Object(Closure))
#36 /var/www/torgujsnami.rf/data/www/xn--80afqcqeeqlfo.xn--p1ai/vendor/laravel/framework/src/Illuminate/Foundation/Http/Kernel.php(111): Illuminate\\Foundation\\Http\\Kernel->sendRequestThroughRouter(Object(Illuminate\\Http\\Request))
#37 /var/www/torgujsnami.rf/data/www/xn--80afqcqeeqlfo.xn--p1ai/public/index.php(52): Illuminate\\Foundation\\Http\\Kernel->handle(Object(Illuminate\\Http\\Request))
#38 {main}
"} 
